<?xml version="1.0" encoding="UTF-8"?>
<testng-results skipped="0" failed="0" ignored="0" total="9" passed="9">
  <reporter-output>
    <line>
      <![CDATA[test started successfuly]]>
    </line>
    <line>
      <![CDATA[test started successfuly]]>
    </line>
    <line>
      <![CDATA[test started successfuly]]>
    </line>
    <line>
      <![CDATA[test successful]]>
    </line>
    <line>
      <![CDATA[test started successfuly]]>
    </line>
    <line>
      <![CDATA[test successful]]>
    </line>
    <line>
      <![CDATA[test started successfuly]]>
    </line>
    <line>
      <![CDATA[test successful]]>
    </line>
    <line>
      <![CDATA[test started successfuly]]>
    </line>
    <line>
      <![CDATA[test successful]]>
    </line>
    <line>
      <![CDATA[test started successfuly]]>
    </line>
    <line>
      <![CDATA[test successful]]>
    </line>
    <line>
      <![CDATA[test started successfuly]]>
    </line>
    <line>
      <![CDATA[test successful]]>
    </line>
    <line>
      <![CDATA[test started successfuly]]>
    </line>
    <line>
      <![CDATA[test successful]]>
    </line>
    <line>
      <![CDATA[test successful]]>
    </line>
    <line>
      <![CDATA[test successful]]>
    </line>
  </reporter-output>
  <suite name="suite" duration-ms="38438" started-at="2018-11-21T06:19:55Z" finished-at="2018-11-21T06:20:34Z">
    <groups>
    </groups>
    <test name="Test2" duration-ms="37285" started-at="2018-11-21T06:19:55Z" finished-at="2018-11-21T06:20:33Z">
      <class name="test.Google1">
        <test-method status="PASS" signature="launch()[pri:0, instance:test.Google1@170d1b1]" name="launch" duration-ms="27262" started-at="2018-11-21T06:19:55Z" finished-at="2018-11-21T06:20:23Z">
          <reporter-output>
            <line>
              <![CDATA[test started successfuly]]>
            </line>
            <line>
              <![CDATA[test successful]]>
            </line>
          </reporter-output>
        </test-method> <!-- launch -->
        <test-method status="PASS" signature="search(java.lang.String)[pri:1, instance:test.Google1@170d1b1]" name="search" duration-ms="5343" started-at="2018-11-21T06:20:23Z" finished-at="2018-11-21T06:20:28Z">
          <params>
            <param index="0">
              <value>
                <![CDATA[reddy]]>
              </value>
            </param>
          </params>
          <reporter-output>
            <line>
              <![CDATA[test started successfuly]]>
            </line>
            <line>
              <![CDATA[test successful]]>
            </line>
          </reporter-output>
        </test-method> <!-- search -->
        <test-method status="PASS" signature="close()[pri:2, instance:test.Google1@170d1b1]" name="close" duration-ms="4632" started-at="2018-11-21T06:20:28Z" finished-at="2018-11-21T06:20:33Z">
          <reporter-output>
            <line>
              <![CDATA[test started successfuly]]>
            </line>
            <line>
              <![CDATA[test successful]]>
            </line>
          </reporter-output>
        </test-method> <!-- close -->
      </class> <!-- test.Google1 -->
    </test> <!-- Test2 -->
    <test name="Test" duration-ms="37797" started-at="2018-11-21T06:19:55Z" finished-at="2018-11-21T06:20:33Z">
      <class name="test.Google1">
        <test-method status="PASS" signature="launch()[pri:0, instance:test.Google1@1d0c81b]" name="launch" duration-ms="28981" started-at="2018-11-21T06:19:55Z" finished-at="2018-11-21T06:20:24Z">
          <reporter-output>
            <line>
              <![CDATA[test started successfuly]]>
            </line>
            <line>
              <![CDATA[test successful]]>
            </line>
          </reporter-output>
        </test-method> <!-- launch -->
        <test-method status="PASS" signature="search(java.lang.String)[pri:1, instance:test.Google1@1d0c81b]" name="search" duration-ms="5088" started-at="2018-11-21T06:20:24Z" finished-at="2018-11-21T06:20:29Z">
          <params>
            <param index="0">
              <value>
                <![CDATA[kalam]]>
              </value>
            </param>
          </params>
          <reporter-output>
            <line>
              <![CDATA[test started successfuly]]>
            </line>
            <line>
              <![CDATA[test successful]]>
            </line>
          </reporter-output>
        </test-method> <!-- search -->
        <test-method status="PASS" signature="close()[pri:2, instance:test.Google1@1d0c81b]" name="close" duration-ms="3683" started-at="2018-11-21T06:20:30Z" finished-at="2018-11-21T06:20:33Z">
          <reporter-output>
            <line>
              <![CDATA[test started successfuly]]>
            </line>
            <line>
              <![CDATA[test successful]]>
            </line>
          </reporter-output>
        </test-method> <!-- close -->
      </class> <!-- test.Google1 -->
    </test> <!-- Test -->
    <test name="Test3" duration-ms="38438" started-at="2018-11-21T06:19:55Z" finished-at="2018-11-21T06:20:34Z">
      <class name="test.Google1">
        <test-method status="PASS" signature="launch()[pri:0, instance:test.Google1@173f6d9]" name="launch" duration-ms="29496" started-at="2018-11-21T06:19:55Z" finished-at="2018-11-21T06:20:25Z">
          <reporter-output>
            <line>
              <![CDATA[test started successfuly]]>
            </line>
            <line>
              <![CDATA[test successful]]>
            </line>
          </reporter-output>
        </test-method> <!-- launch -->
        <test-method status="PASS" signature="search(java.lang.String)[pri:1, instance:test.Google1@173f6d9]" name="search" duration-ms="5195" started-at="2018-11-21T06:20:25Z" finished-at="2018-11-21T06:20:30Z">
          <params>
            <param index="0">
              <value>
                <![CDATA[appium]]>
              </value>
            </param>
          </params>
          <reporter-output>
            <line>
              <![CDATA[test started successfuly]]>
            </line>
            <line>
              <![CDATA[test successful]]>
            </line>
          </reporter-output>
        </test-method> <!-- search -->
        <test-method status="PASS" signature="close()[pri:2, instance:test.Google1@173f6d9]" name="close" duration-ms="3715" started-at="2018-11-21T06:20:30Z" finished-at="2018-11-21T06:20:34Z">
          <reporter-output>
            <line>
              <![CDATA[test started successfuly]]>
            </line>
            <line>
              <![CDATA[test successful]]>
            </line>
          </reporter-output>
        </test-method> <!-- close -->
      </class> <!-- test.Google1 -->
    </test> <!-- Test3 -->
  </suite> <!-- suite -->
</testng-results>
