<?xml version="1.0" encoding="UTF-8"?>
<testng-results skipped="0" failed="0" ignored="0" total="1" passed="1">
  <reporter-output>
  </reporter-output>
  <suite name="google" duration-ms="109" started-at="2018-11-18T05:51:42Z" finished-at="2018-11-18T05:51:42Z">
    <groups>
    </groups>
    <test name="Test1" duration-ms="109" started-at="2018-11-18T05:51:42Z" finished-at="2018-11-18T05:51:42Z">
      <class name="test.Google1">
        <test-method status="PASS" signature="f()[pri:0, instance:test.Google1@7fdd33]" name="f" duration-ms="18" started-at="2018-11-18T05:51:42Z" finished-at="2018-11-18T05:51:42Z">
          <reporter-output>
          </reporter-output>
        </test-method> <!-- f -->
      </class> <!-- test.Google1 -->
    </test> <!-- Test1 -->
  </suite> <!-- google -->
</testng-results>
