<?xml version="1.0" encoding="UTF-8"?>
<!-- Generated by org.testng.reporters.JUnitXMLReporter -->
<testsuite hostname="DESKTOP-6C8KRFA" ignored="0" name="Default test" tests="5" failures="0" timestamp="20 Nov 2018 06:18:55 GMT" time="104.644" errors="0">
  <testcase name="launch" time="81.49" classname="test.Google1"/>
  <testcase name="search" time="8.772" classname="test.Google1"/>
  <testcase name="search" time="6.102" classname="test.Google1"/>
  <testcase name="search" time="6.069" classname="test.Google1"/>
  <testcase name="close" time="2.171" classname="test.Google1"/>
</testsuite> <!-- Default test -->
